<?xml version="1.0" encoding="UTF-8"?>
<testsuite name="com.invoice.InvoiceServiceTest" tests="1" skipped="0" failures="0" errors="0" timestamp="2021-11-04T05:38:56" hostname="LAPTOP-GDO34K0C" time="0.089">
  <properties/>
  <testcase name="givenMultipleRides_ShouldReturn_TotalFare()" classname="com.invoice.InvoiceServiceTest" time="0.089"/>
  <system-out><![CDATA[]]></system-out>
  <system-err><![CDATA[]]></system-err>
</testsuite>
