<?xml version="1.0" encoding="UTF-8"?>
<testsuite name="com.invoice.InvoiceServiceTest" tests="1" skipped="0" failures="0" errors="0" timestamp="2021-11-07T06:54:21" hostname="LAPTOP-GDO34K0C" time="0.063">
  <properties/>
  <testcase name="givenUserIDAndRideList_WhenCalculatedFareForPremiumRides_ShouldReturnInvoiceSummary()" classname="com.invoice.InvoiceServiceTest" time="0.063"/>
  <system-out><![CDATA[]]></system-out>
  <system-err><![CDATA[]]></system-err>
</testsuite>
