<?xml version="1.0" encoding="UTF-8"?>
<testsuite name="com.invoice.InvoiceServiceTest" tests="2" skipped="0" failures="0" errors="0" timestamp="2021-11-04T05:15:25" hostname="LAPTOP-GDO34K0C" time="0.093">
  <properties/>
  <testcase name="givenDistanceAndTime_ShouldReturn_TotalFare()" classname="com.invoice.InvoiceServiceTest" time="0.085"/>
  <testcase name="givenLessDistanceAndTime_ShouldReturnMinimumFare()" classname="com.invoice.InvoiceServiceTest" time="0.004"/>
  <system-out><![CDATA[]]></system-out>
  <system-err><![CDATA[]]></system-err>
</testsuite>
